Log file open, 10/12/17 15:21:51
LogWindows: Failed to load 'aqProf.dll' (GetLastError=126)
LogWindows: File 'aqProf.dll' does not exist
LogWindows: Failed to load 'VtuneApi.dll' (GetLastError=126)
LogWindows: File 'VtuneApi.dll' does not exist
LogWindows: Failed to load 'VtuneApi32e.dll' (GetLastError=126)
LogWindows: File 'VtuneApi32e.dll' does not exist
LogInit: Display: Running engine for game: MyProject
LogPlatformFile: Not using cached read wrapper
LogInit: Display: RandInit(-1560121583) SRandInit(-1560121583).
LogTaskGraph: Started task graph with 5 named threads and 14 total threads with 3 sets of task threads.
LogStats: Stats thread started at 0.705908
LogD3D11RHI: Aftermath initialized
LogPluginManager: Mounting plugin Paper2D
LogPluginManager: Mounting plugin LightPropagationVolume
LogPluginManager: Mounting plugin CodeLiteSourceCodeAccess
LogPluginManager: Mounting plugin GitSourceControl
LogPluginManager: Mounting plugin KDevelopSourceCodeAccess
LogPluginManager: Mounting plugin NullSourceCodeAccess
LogPluginManager: Mounting plugin PerforceSourceControl
LogPluginManager: Mounting plugin SubversionSourceControl
LogPluginManager: Mounting plugin UObjectPlugin
LogPluginManager: Mounting plugin VisualStudioSourceCodeAccess
LogPluginManager: Mounting plugin XCodeSourceCodeAccess
LogPluginManager: Mounting plugin AssetManagerEditor
LogPluginManager: Mounting plugin AudioCapture
LogPluginManager: Mounting plugin FacialAnimation
LogPluginManager: Mounting plugin GameplayTagsEditor
LogPluginManager: Mounting plugin MobileLauncherProfileWizard
LogPluginManager: Mounting plugin PluginBrowser
LogPluginManager: Mounting plugin SpeedTreeImporter
LogPluginManager: Mounting plugin AlembicImporter
LogPluginManager: Mounting plugin CharacterAI
LogPluginManager: Mounting plugin HTML5Networking
LogPluginManager: Mounting plugin AndroidMedia
LogPluginManager: Mounting plugin AvfMedia
LogPluginManager: Mounting plugin MediaPlayerEditor
LogPluginManager: Mounting plugin WmfMedia
LogPluginManager: Mounting plugin TcpMessaging
LogPluginManager: Mounting plugin UdpMessaging
LogPluginManager: Mounting plugin LevelSequenceEditor
LogPluginManager: Mounting plugin MatineeToLevelSequence
LogPluginManager: Mounting plugin OnlineSubsystemGooglePlay
LogPluginManager: Mounting plugin OnlineSubsystemIOS
LogPluginManager: Mounting plugin OnlineSubsystem
LogPluginManager: Mounting plugin OnlineSubsystemNull
LogPluginManager: Mounting plugin OnlineSubsystemUtils
LogPluginManager: Mounting plugin AndroidDeviceProfileSelector
LogPluginManager: Mounting plugin AndroidMoviePlayer
LogPluginManager: Mounting plugin AndroidPermission
LogPluginManager: Mounting plugin AppleMoviePlayer
LogPluginManager: Mounting plugin ArchVisCharacter
LogPluginManager: Mounting plugin CableComponent
LogPluginManager: Mounting plugin CustomMeshComponent
LogPluginManager: Mounting plugin ExampleDeviceProfileSelector
LogPluginManager: Mounting plugin GoogleCloudMessaging
LogPluginManager: Mounting plugin ImmediatePhysics
LogPluginManager: Mounting plugin IOSDeviceProfileSelector
LogPluginManager: Mounting plugin LinuxDeviceProfileSelector
LogPluginManager: Mounting plugin LocationServicesBPLibrary
LogPluginManager: Mounting plugin MobilePatchingUtils
LogPluginManager: Mounting plugin OculusVR
LogPluginManager: Mounting plugin PhysXVehicles
LogPluginManager: Mounting plugin ProceduralMeshComponent
LogPluginManager: Mounting plugin RuntimePhysXCooking
LogPluginManager: Mounting plugin SteamVR
LogPluginManager: Mounting plugin WindowsMoviePlayer
LogInit: Using libcurl 7.47.1
LogInit:  - built for x86_64-pc-win32
LogInit:  - supports SSL with OpenSSL/1.0.2g
LogInit:  - supports HTTP deflate (compression) using libz 1.2.8
LogInit:  - other features:
LogInit:      CURL_VERSION_SSL
LogInit:      CURL_VERSION_LIBZ
LogInit:      CURL_VERSION_IPV6
LogInit:      CURL_VERSION_ASYNCHDNS
LogInit:      CURL_VERSION_LARGEFILE
LogInit:      CURL_VERSION_IDN
LogInit:  CurlRequestOptions (configurable via config and command line):
LogInit:  - bVerifyPeer = false  - Libcurl will NOT verify peer certificate
LogInit:  - bUseHttpProxy = false  - Libcurl will NOT use HTTP proxy
LogInit:  - bDontReuseConnections = false  - Libcurl will reuse connections
LogInit:  - CertBundlePath = nullptr  - Libcurl will use whatever was configured at build time.
LogInit: Build: ++UE4+Release-4.17-CL-3658906
LogInit: Engine Version: 4.17.2-3658906+++UE4+Release-4.17
LogInit: Compatible Engine Version: 4.17.0-3573198+++UE4+Release-4.17
LogInit: Net CL: 3573198
LogDevObjectVersion: Number of dev versions registered: 16
LogDevObjectVersion:   Dev-Blueprints (B0D832E4-1F89-4F0D-ACCF-7EB736FD4AA2): 10
LogDevObjectVersion:   Dev-Build (E1C64328-A22C-4D53-A36C-8E866417BD8C): 0
LogDevObjectVersion:   Dev-Core (375EC13C-06E4-48FB-B500-84F0262A717E): 2
LogDevObjectVersion:   Dev-Editor (E4B068ED-F494-42E9-A231-DA0B2E46BB41): 20
LogDevObjectVersion:   Dev-Framework (CFFC743F-43B0-4480-9391-14DF171D2073): 28
LogDevObjectVersion:   Dev-Mobile (B02B49B5-BB20-44E9-A304-32B752E40360): 0
LogDevObjectVersion:   Dev-Networking (A4E4105C-59A1-49B5-A7C5-40C4547EDFEE): 0
LogDevObjectVersion:   Dev-Online (39C831C9-5AE6-47DC-9A44-9C173E1C8E7C): 0
LogDevObjectVersion:   Dev-Physics (78F01B33-EBEA-4F98-B9B4-84EACCB95AA2): 0
LogDevObjectVersion:   Dev-Platform (6631380F-2D4D-43E0-8009-CF276956A95A): 0
LogDevObjectVersion:   Dev-Rendering (12F88B9F-8875-4AFC-A67C-D90C383ABD29): 19
LogDevObjectVersion:   Dev-Sequencer (7B5AE74C-D270-4C10-A958-57980B212A5A): 4
LogDevObjectVersion:   Dev-VR (D7296918-1DD6-4BDD-9DE2-64A83CC13884): 0
LogDevObjectVersion:   Dev-LoadTimes (C2A15278-BFE7-4AFE-6C17-90FF531DF755): 1
LogDevObjectVersion:   Private-Geometry (6EACA3D4-40EC-4CC1-B786-8BED09428FC5): 1
LogDevObjectVersion:   Dev-AnimPhys (29E575DD-E0A3-4627-9D10-D276232CDCEA): 7
LogInit: Compiled (64-bit): Sep 22 2017 13:47:16
LogInit: Compiled with Visual C++: 19.00.24215.01
LogInit: Build Configuration: Development
LogInit: Branch Name: ++UE4+Release-4.17
LogInit: Command line: -EpicPortal 
LogInit: Base directory: D:/UE_4.17/Engine/Binaries/Win64/
LogInit: Installed Engine Build: 1
LogInit: Presizing for max 8388607 objects, including 0 objects not considered by GC, pre-allocating 0 bytes for permanent pool.
LogInit: Object subsystem initialized
[2017.10.12-13.21.54:083][  0]LogInit: Selected Device Profile: [Windows]
[2017.10.12-13.21.54:083][  0]LogInit: Applying CVar settings loaded from the selected device profile: [Windows]
[2017.10.12-13.21.54:147][  0]LogInit: Computer: QUENTIN-PC
[2017.10.12-13.21.54:147][  0]LogInit: User: Quentin
[2017.10.12-13.21.54:147][  0]LogInit: CPU Page size=4096, Cores=4
[2017.10.12-13.21.54:147][  0]LogInit: High frequency timer resolution =2.435772 MHz
[2017.10.12-13.21.54:147][  0]LogMemory: Memory total: Physical=7.9GB (8GB approx)
[2017.10.12-13.21.54:147][  0]LogMemory: Platform Memory Stats for Windows
[2017.10.12-13.21.54:147][  0]LogMemory: Process Physical Memory: 280.66 MB used, 280.66 MB peak
[2017.10.12-13.21.54:147][  0]LogMemory: Process Virtual Memory: 275.53 MB used, 275.53 MB peak
[2017.10.12-13.21.54:147][  0]LogMemory: Physical Memory: 5905.51 MB used,  2169.44 MB free, 8074.95 MB total
[2017.10.12-13.21.54:147][  0]LogMemory: Virtual Memory: 677.37 MB used,  2169.44 MB free, 134217728.00 MB total
[2017.10.12-13.21.54:932][  0]LogInit: Using OS detected language (fr-FR).
[2017.10.12-13.21.54:932][  0]LogInit: Using OS detected locale (fr-FR).
[2017.10.12-13.21.55:291][  0]LogTextLocalizationManager: No localization for 'fr-FR' exists, so 'en' will be used for the language.
[2017.10.12-13.21.55:292][  0]LogTextLocalizationManager: No localization for 'fr-FR' exists, so 'en' will be used for the locale.
[2017.10.12-13.22.04:299][  0]LogD3D11RHI: D3D11 adapters:
[2017.10.12-13.22.05:441][  0]LogD3D11RHI:    0. 'NVIDIA GeForce GTX 860M' (Feature Level 11_0)
[2017.10.12-13.22.05:442][  0]LogD3D11RHI:       2019/0/4037 MB DedicatedVideo/DedicatedSystem/SharedSystem, Outputs:1, VendorId:0x10de
[2017.10.12-13.22.05:969][  0]LogD3D11RHI:    1. 'Intel(R) HD Graphics 4600' (Feature Level 11_0)
[2017.10.12-13.22.05:969][  0]LogD3D11RHI:       112/0/2048 MB DedicatedVideo/DedicatedSystem/SharedSystem, Outputs:0, VendorId:0x8086
[2017.10.12-13.22.05:974][  0]LogD3D11RHI:    2. 'Microsoft Basic Render Driver' (Feature Level 11_0)
[2017.10.12-13.22.05:974][  0]LogD3D11RHI:       0/0/4037 MB DedicatedVideo/DedicatedSystem/SharedSystem, Outputs:0, VendorId:0x1414
[2017.10.12-13.22.05:974][  0]LogD3D11RHI: Chosen D3D11 Adapter: 0
[2017.10.12-13.22.05:981][  0]LogD3D11RHI: Creating new Direct3DDevice
[2017.10.12-13.22.05:981][  0]LogD3D11RHI:     GPU DeviceId: 0x1392 (for the marketing name, search the web for "GPU Device Id")
[2017.10.12-13.22.05:981][  0]LogWindows: EnumDisplayDevices:
[2017.10.12-13.22.05:982][  0]LogWindows:    0. 'Intel(R) HD Graphics 4600' (P:1 D:1)
[2017.10.12-13.22.05:982][  0]LogWindows:    1. 'Intel(R) HD Graphics 4600' (P:0 D:0)
[2017.10.12-13.22.05:982][  0]LogWindows:    2. 'Intel(R) HD Graphics 4600' (P:0 D:0)
[2017.10.12-13.22.05:982][  0]LogWindows: DebugString: PrimaryIsNotTheChoosenAdapter PrimaryIsNotTheChoosenAdapter PrimaryIsNotTheChoosenAdapter FoundDriverCount:0 
[2017.10.12-13.22.05:982][  0]LogD3D11RHI:     Adapter Name: NVIDIA GeForce GTX 860M
[2017.10.12-13.22.05:982][  0]LogD3D11RHI:   Driver Version: Unknown (internal:Unknown, unified:Unknown)
[2017.10.12-13.22.05:982][  0]LogD3D11RHI:      Driver Date: Unknown
[2017.10.12-13.22.05:982][  0]LogRHI: Texture pool is 1361 MB (70% of 1945 MB)
[2017.10.12-13.22.06:681][  0]LogD3D11RHI: Async texture creation enabled
[2017.10.12-13.22.06:740][  0]LogD3D11RHI: GPU Timing Frequency: 1000.000000 (Debug: 2 1)
[2017.10.12-13.22.06:741][  0]LogShaderCompilers: Guid format shader working directory is 5 characters bigger than the processId version (C:/Users/Quentin/Documents/Projet/MyProject/Intermediate/Shaders/WorkingDirectory/3688/).
[2017.10.12-13.22.06:742][  0]LogShaderCompilers: Cleaned the shader compiler working directory 'C:/Users/Quentin/AppData/Local/Temp/UnrealShaderWorkingDir/7E33F64C4A864E14A3B874A06AB2B6C7/'.
[2017.10.12-13.22.06:742][  0]LogShaderCompilers: Display: Using Local Shader Compiler.
[2017.10.12-13.22.12:381][  0]LogTemp: Display: Loaded TP AllDesktopTargetPlatform
[2017.10.12-13.22.12:492][  0]LogTemp: Display: Loaded TP MacClientTargetPlatform
[2017.10.12-13.22.12:588][  0]LogTemp: Display: Loaded TP MacNoEditorTargetPlatform
[2017.10.12-13.22.12:711][  0]LogTemp: Display: Loaded TP MacServerTargetPlatform
[2017.10.12-13.22.12:876][  0]LogTemp: Display: Loaded TP MacTargetPlatform
[2017.10.12-13.22.12:975][  0]LogTemp: Display: Loaded TP WindowsClientTargetPlatform
[2017.10.12-13.22.13:106][  0]LogTemp: Display: Loaded TP WindowsNoEditorTargetPlatform
[2017.10.12-13.22.13:222][  0]LogTemp: Display: Loaded TP WindowsServerTargetPlatform
[2017.10.12-13.22.13:344][  0]LogTemp: Display: Loaded TP WindowsTargetPlatform
[2017.10.12-13.22.13:515][  0]LogTemp: Display: Loaded TP AndroidTargetPlatform
[2017.10.12-13.22.13:642][  0]LogTemp: Display: Loaded TP Android_ASTCTargetPlatform
[2017.10.12-13.22.13:945][  0]LogTemp: Display: Loaded TP Android_ATCTargetPlatform
[2017.10.12-13.22.14:074][  0]LogTemp: Display: Loaded TP Android_DXTTargetPlatform
[2017.10.12-13.22.14:203][  0]LogTemp: Display: Loaded TP Android_ETC1TargetPlatform
[2017.10.12-13.22.14:462][  0]LogTemp: Display: Loaded TP Android_ETC2TargetPlatform
[2017.10.12-13.22.14:968][  0]LogTemp: Display: Loaded TP Android_MultiTargetPlatform
[2017.10.12-13.22.14:968][  0]LogTemp: Display: Loaded TP Android_PVRTCTargetPlatform
[2017.10.12-13.22.15:075][  0]LogTemp: Display: Loaded TP HTML5TargetPlatform
[2017.10.12-13.22.15:461][  0]LogTemp: Display: Loaded TP IOSTargetPlatform
[2017.10.12-13.22.15:497][  0]LogTemp: Display: Loaded TP TVOSTargetPlatform
[2017.10.12-13.22.15:588][  0]LogTemp: Display: Loaded TP LinuxClientTargetPlatform
[2017.10.12-13.22.15:691][  0]LogTemp: Display: Loaded TP LinuxNoEditorTargetPlatform
[2017.10.12-13.22.15:763][  0]LogTemp: Display: Loaded TP LinuxServerTargetPlatform
[2017.10.12-13.22.15:941][  0]LogTemp: Display: Loaded TP LinuxTargetPlatform
[2017.10.12-13.22.15:941][  0]LogTargetPlatformManager: Display: Building Assets For Windows
[2017.10.12-13.22.16:950][  0]LogDerivedDataCache: Display: Max Cache Size: 512 MB
[2017.10.12-13.22.17:550][  0]LogDerivedDataCache: Loaded boot cache 0.60s 93MB C:/Users/Quentin/AppData/Local/UnrealEngine/4.17/DerivedDataCache/Boot.ddc.
[2017.10.12-13.22.17:551][  0]LogDerivedDataCache: Display: Loaded Boot cache: C:/Users/Quentin/AppData/Local/UnrealEngine/4.17/DerivedDataCache/Boot.ddc
[2017.10.12-13.22.17:551][  0]LogDerivedDataCache: FDerivedDataBackendGraph:  Pak pak cache file C:/Users/Quentin/Documents/Projet/MyProject/DerivedDataCache/DDC.ddp not found, will not use a pak cache.
[2017.10.12-13.22.17:551][  0]LogDerivedDataCache: Unable to find inner node Pak for hierarchical cache Hierarchy.
[2017.10.12-13.22.17:551][  0]LogDerivedDataCache: FDerivedDataBackendGraph:  CompressedPak pak cache file C:/Users/Quentin/Documents/Projet/MyProject/DerivedDataCache/Compressed.ddp not found, will not use a pak cache.
[2017.10.12-13.22.17:551][  0]LogDerivedDataCache: Unable to find inner node CompressedPak for hierarchical cache Hierarchy.
[2017.10.12-13.22.17:576][  0]LogDerivedDataCache: Display: Pak cache opened for reading ../../../Engine/DerivedDataCache/Compressed.ddp.
[2017.10.12-13.22.17:590][  0]LogDerivedDataCache: Using Local data cache path C:/Users/Quentin/AppData/Local/UnrealEngine/Common/DerivedDataCache: Writable
[2017.10.12-13.22.17:606][  0]LogMaterial: Verifying Global Shaders for PCD3D_SM5
[2017.10.12-13.22.17:607][  0]LogSlate: Using Freetype 2.6.0
[2017.10.12-13.22.17:693][  0]LogSlate: SlateFontCache - WITH_FREETYPE: 1, WITH_HARFBUZZ: 1
[2017.10.12-13.22.17:693][  0]LogSlate: SlateFontCache - WITH_FREETYPE: 1, WITH_HARFBUZZ: 1
[2017.10.12-13.22.26:051][  0]LogAssetRegistry: FAssetRegistry took 0.0318 seconds to start up
[2017.10.12-13.22.26:327][  0]LogInit: Selected Device Profile: [Windows]
[2017.10.12-13.22.26:522][  0]LogContentStreaming: Texture pool size is 0.00 MB
[2017.10.12-13.22.27:224][  0]LogSimplygon: Simplygon DLL not present - disabling.
[2017.10.12-13.22.27:294][  0]LogMeshReduction: Using SimplygonSwarm for distributed automatic mesh merging
[2017.10.12-13.22.27:294][  0]LogMeshReduction: Using QuadricMeshReduction for automatic static mesh reduction
[2017.10.12-13.22.27:294][  0]LogMeshReduction: No automatic skeletal mesh reduction module available
[2017.10.12-13.22.27:294][  0]LogMeshReduction: No automatic mesh merging module available
[2017.10.12-13.22.27:294][  0]LogMeshMerging: No automatic mesh merging module available
[2017.10.12-13.22.27:798][  0]LogNetVersion: MyProject , NetCL: 3573198, EngineNetVer: 2, GameNetVer: 0 (Checksum: 3113362612)
[2017.10.12-13.22.28:098][  0]LogPackageLocalizationCache: Processed 5 localized package path(s) for 1 prioritized culture(s) in 0.039555 seconds
[2017.10.12-13.22.28:108][  0]LogUObjectArray: 35825 objects as part of root set at end of initial load.
[2017.10.12-13.22.28:108][  0]LogUObjectAllocator: 7529104 out of 0 bytes used by permanent object pool.
[2017.10.12-13.22.28:108][  0]LogUObjectArray: CloseDisregardForGC: 0/0 objects in disregard for GC pool
[2017.10.12-13.22.28:209][  0]LogInit: WinSock: version 1.1 (2.2), MaxSocks=32767, MaxUdp=65467
[2017.10.12-13.23.39:135][  0]LogTcpMessaging: Initializing TcpMessaging bridge
[2017.10.12-13.23.39:293][  0]LogUdpMessaging: Initializing bridge on interface 0.0.0.0:0 to multicast group 230.0.0.1:6666.
[2017.10.12-13.23.40:285][  0]LogMaterial: Missing cached shader map for material M_Cursor_Decal, compiling. 
[2017.10.12-13.23.44:668][  0]LogMaterial: Uniform references updated for custom material expression Custom.
[2017.10.12-13.23.45:968][  0]SourceControl: Source control is disabled
[2017.10.12-13.23.45:968][  0]SourceControl: Source control is disabled
[2017.10.12-13.23.46:238][  0]SourceControl: Source control is disabled
[2017.10.12-13.23.46:540][  0]SourceControl: Source control is disabled
[2017.10.12-13.23.49:393][  0]LogAndroidPermission: UAndroidPermissionCallbackProxy::GetInstance
[2017.10.12-13.23.50:325][  0]LogOcInput: OculusInput pre-init called
[2017.10.12-13.23.55:832][  0]LogEngine: Initializing Engine...
[2017.10.12-13.23.57:233][  0]LogHMD: Failed to initialize OpenVR with code 108
[2017.10.12-13.23.58:425][  0]LogStats: UGameplayTagsManager::ConstructGameplayTagTree: Construct from data asset -  0.000 s
[2017.10.12-13.23.58:427][  0]LogStats: UGameplayTagsManager::ConstructGameplayTagTree: GameplayTagTreeChangedEvent.Broadcast -  0.000 s
[2017.10.12-13.24.02:522][  0]LogAIModule: Creating AISystem for world Untitled
[2017.10.12-13.24.03:863][  0]LogInit: XAudio2 using 'Haut-parleurs (Bose SLIII Stereo)' : 2 channels at 44.1 kHz using 16 bits per sample (channel mask 0x3)
[2017.10.12-13.24.03:978][  0]LogInit: FAudioDevice initialized.
[2017.10.12-13.24.04:188][  0]LogDerivedDataCache: Saved boot cache 0.16s 93MB C:/Users/Quentin/AppData/Local/UnrealEngine/4.17/DerivedDataCache/Boot.ddc.
[2017.10.12-13.24.08:889][  0]LogInit: Texture streaming: Enabled
[2017.10.12-13.24.10:088][  0]LogEngineSessionManager: EngineSessionManager initialized
[2017.10.12-13.24.13:714][  0]LogInit: Transaction tracking system initialized
[2017.10.12-13.24.16:335][  0]BlueprintLog: New page: Editor Load
[2017.10.12-13.24.25:014][  0]LocalizationService: Localization service is disabled
[2017.10.12-13.24.31:076][  0]LogConsoleResponse: Display: 
[2017.10.12-13.24.33:028][  0]LogFileCache: Scanning file cache for directory 'C:/Users/Quentin/Documents/Projet/MyProject/Content/' took 0.04s
[2017.10.12-13.24.33:028][  0]LogCook: Display: Max memory allowance for cook 16384mb min free memory 0mb
[2017.10.12-13.24.33:028][  0]LogCook: Display: Mobile HDR setting 1
[2017.10.12-13.24.33:074][  0]LogGameplayTags: Display: UGameplayTagsManager::DoneAddingNativeTags. DelegateIsBound: 0
[2017.10.12-13.24.36:795][  0]SourceControl: Source control is disabled
[2017.10.12-13.24.36:915][  0]Cmd: MAP LOAD FILE="C:/Users/Quentin/Documents/Projet/MyProject/Content/TopDownCPP/Maps/TopDownExampleMap.umap" TEMPLATE=0 SHOWPROGRESS=1 FEATURELEVEL=3
[2017.10.12-13.24.37:025][  0]LightingResults: New page: Lighting Build
[2017.10.12-13.24.37:433][  0]MapCheck: New page: Map Check
[2017.10.12-13.24.37:433][  0]LightingResults: New page: Lighting Build
[2017.10.12-13.24.39:528][  0]LogTexture: Display: Building textures: HQ_Lightmap0_3 (AutoDXT, 64X64)
[2017.10.12-13.24.39:528][  0]LogTexture: Display: Building textures: LQ_Lightmap_0_3 (DXT1, 64X64)
[2017.10.12-13.24.39:528][  0]LogTexture: Display: Building textures: LQ_Lightmap_0_2 (DXT1, 512X512)
[2017.10.12-13.24.39:528][  0]LogTexture: Display: Building textures: HQ_Lightmap0_2 (AutoDXT, 512X512)
[2017.10.12-13.24.39:528][  0]LogTexture: Display: Building textures: LQ_Lightmap_0_1 (DXT1, 1024X1024)
[2017.10.12-13.24.39:528][  0]LogTexture: Display: Building textures: HQ_Lightmap0_1 (AutoDXT, 1024X1024)
[2017.10.12-13.24.39:528][  0]LogTexture: Display: Building textures: SkyOcclusion0_1 (AutoDXT, 1024X512)
[2017.10.12-13.24.39:528][  0]LogTexture: Display: Building textures: SkyOcclusion0_2 (AutoDXT, 512X256)
[2017.10.12-13.24.39:528][  0]LogTexture: Display: Building textures: SkyOcclusion0_3 (AutoDXT, 64X32)
[2017.10.12-13.24.39:528][  0]LogTexture: Display: Building textures: ShadowMapTexture2D_1 (G8, 64X32)
[2017.10.12-13.24.39:528][  0]LogTexture: Display: Building textures: ShadowMapTexture2D_0 (G8, 2048X1024)
[2017.10.12-13.24.39:708][  0]LogAIModule: Creating AISystem for world TopDownExampleMap
[2017.10.12-13.24.40:482][  0]LogEditorServer: Finished looking for orphan Actors (0.000 secs)
[2017.10.12-13.24.40:815][  0]Cmd: MAP CHECKDEP NOCLEARLOG
[2017.10.12-13.24.41:071][  0]MapCheck: Map check complete: 0 Error(s), 0 Warning(s), took 255.535ms to complete.
[2017.10.12-13.24.41:072][  0]LogFileHelpers: Loading map 'TopDownExampleMap' took 4.244
[2017.10.12-13.24.43:523][  0]LogCollectionManager: Loaded 0 collections in 0.001163 seconds
[2017.10.12-13.24.43:936][  0]LogFileCache: Scanning file cache for directory 'C:/Users/Quentin/Documents/Projet/MyProject/Saved/Collections/' took 0.01s
[2017.10.12-13.24.43:936][  0]LogFileCache: Scanning file cache for directory 'C:/Users/Quentin/Documents/Projet/MyProject/Content/Developers/Quentin/Collections/' took 0.01s
[2017.10.12-13.24.43:936][  0]LogFileCache: Scanning file cache for directory 'C:/Users/Quentin/Documents/Projet/MyProject/Content/Collections/' took 0.01s
[2017.10.12-13.24.43:936][  0]LogCollectionManager: Rebuilt the GUID cache for 0 collections in 0.000001 seconds
[2017.10.12-13.24.44:011][  0]LogContentBrowser: Native class hierarchy populated in 0.0741 seconds. Added 2389 classes and 502 folders.
[2017.10.12-13.24.44:354][  0]LogContentBrowser: Native class hierarchy updated for 'WidgetCarousel' in 0.0027 seconds. Added 0 classes and 0 folders.
[2017.10.12-13.24.45:458][  0]LogContentBrowser: Native class hierarchy updated for 'AddContentDialog' in 0.0025 seconds. Added 0 classes and 0 folders.
[2017.10.12-13.24.45:672][  0]LogContentBrowser: Native class hierarchy updated for 'SceneOutliner' in 0.0033 seconds. Added 1 classes and 2 folders.
[2017.10.12-13.24.46:444][  0]LogSlate: Took 0.037622 seconds to synchronously load lazily loaded font '../../../Engine/Content/Slate/Fonts/Roboto-Regular.ttf' (155K)
[2017.10.12-13.24.46:469][  0]LogSlate: Took 0.011811 seconds to synchronously load lazily loaded font '../../../Engine/Content/Slate/Fonts/Roboto-Bold.ttf' (160K)
[2017.10.12-13.24.46:559][  0]LogSlate: Took 0.017680 seconds to synchronously load lazily loaded font '../../../Engine/Content/Editor/Slate/Fonts/FontAwesome.ttf' (139K)
[2017.10.12-13.24.47:263][  0]LogRenderer: Reallocating scene render targets to support 1208x600 Format 10 NumSamples 1 (Frame:1).
[2017.10.12-13.24.48:420][  0]LogContentBrowser: Native class hierarchy updated for 'HierarchicalLODOutliner' in 0.0022 seconds. Added 1 classes and 2 folders.
[2017.10.12-13.24.48:420][  0]LogLoad: (Engine Initialization) Total time: 191.70 seconds
[2017.10.12-13.24.48:420][  0]LogLoad: (Engine Initialization) Total Blueprint compile time: 0.00 seconds
[2017.10.12-13.24.48:432][  0]LogExternalProfiler: Found external profiler: VSPerf
[2017.10.12-13.24.48:432][  0]LogExternalProfiler: Using external profiler: VSPerf
[2017.10.12-13.24.49:032][  0]LogContentStreaming: Texture pool size now 1000 MB
[2017.10.12-13.24.49:220][  0]LogSlate: Took 0.029323 seconds to synchronously load lazily loaded font '../../../Engine/Content/Slate/Fonts/Roboto-Light.ttf' (159K)
[2017.10.12-13.24.49:969][  3]LogAssetRegistry: Asset discovery search completed in 143.9403 seconds
[2017.10.12-13.24.49:971][  3]LogCollectionManager: Rebuilt the object cache for 0 collections in 0.000000 seconds (found 0 objects)
[2017.10.12-13.24.49:971][  3]LogCollectionManager: Fixed up redirectors for 0 collections in 0.000049 seconds (updated 0 objects)
[2017.10.12-13.26.44:353][444]LogEditorViewport: Clicking on Actor (LMB): StaticMeshActor (Floor)
[2017.10.12-13.27.07:076][343]LogTemp: Repeating last play command: Selected Viewport
[2017.10.12-13.27.07:279][343]LogBlueprintUserMessages: Early PlayInEditor Detection: Level '/Game/TopDownCPP/Maps/TopDownExampleMap.TopDownExampleMap:PersistentLevel' has LevelScriptBlueprint '/Game/TopDownCPP/Maps/TopDownExampleMap.TopDownExampleMap:PersistentLevel.TopDownExampleMap' with GeneratedClass '/Game/TopDownCPP/Maps/TopDownExampleMap.TopDownExampleMap_C' with ClassGeneratedBy '/Game/TopDownCPP/Maps/TopDownExampleMap.TopDownExampleMap:PersistentLevel.TopDownExampleMap'
[2017.10.12-13.27.07:294][343]LogPlayLevel: PlayLevel: No blueprints needed recompiling
[2017.10.12-13.27.07:489][343]PIE: New page: PIE session: TopDownExampleMap (Oct 12, 2017, 5:27:07 PM)
[2017.10.12-13.27.07:519][343]LogPlayLevel: Creating play world package: /Game/TopDownCPP/Maps/UEDPIE_0_TopDownExampleMap
[2017.10.12-13.27.07:741][343]LogPlayLevel: PIE: StaticDuplicateObject took: (0.221112s)
[2017.10.12-13.27.07:742][343]LogAIModule: Creating AISystem for world TopDownExampleMap
[2017.10.12-13.27.07:743][343]LogPlayLevel: PIE: World Init took: (0.001621s)
[2017.10.12-13.27.07:802][343]LogPlayLevel: PIE: Created PIE world by copying editor world from /Game/TopDownCPP/Maps/TopDownExampleMap.TopDownExampleMap to /Game/TopDownCPP/Maps/UEDPIE_0_TopDownExampleMap.TopDownExampleMap (0.293822s)
[2017.10.12-13.27.07:907][343]LogInit: XAudio2 using 'Haut-parleurs (Bose SLIII Stereo)' : 2 channels at 44.1 kHz using 16 bits per sample (channel mask 0x3)
[2017.10.12-13.27.07:916][343]LogInit: FAudioDevice initialized.
[2017.10.12-13.27.08:137][343]LogLoad: Game class is 'MyProjectGameMode'
[2017.10.12-13.27.08:278][343]LogWorld: Bringing World /Game/TopDownCPP/Maps/UEDPIE_0_TopDownExampleMap.TopDownExampleMap up for play (max tick rate 60) at 2017.10.12-15.27.08
[2017.10.12-13.27.08:329][343]LogWorld: Bringing up level for play took: 0.052825
[2017.10.12-13.27.08:660][343]LogContentBrowser: Native class hierarchy updated for 'MovieSceneCapture' in 0.0031 seconds. Added 11 classes and 0 folders.
[2017.10.12-13.27.09:220][343]PIE: Play in editor start time for /Game/TopDownCPP/Maps/UEDPIE_0_TopDownExampleMap 2.067
[2017.10.12-13.27.09:220][343]LogBlueprintUserMessages: Late PlayInEditor Detection: Level '/Game/TopDownCPP/Maps/TopDownExampleMap.TopDownExampleMap:PersistentLevel' has LevelScriptBlueprint '/Game/TopDownCPP/Maps/TopDownExampleMap.TopDownExampleMap:PersistentLevel.TopDownExampleMap' with GeneratedClass '/Game/TopDownCPP/Maps/TopDownExampleMap.TopDownExampleMap_C' with ClassGeneratedBy '/Game/TopDownCPP/Maps/TopDownExampleMap.TopDownExampleMap:PersistentLevel.TopDownExampleMap'
[2017.10.12-13.29.02:749][ 49]LogTemp: Executing iPhonePackager certificates Engine -bundlename com.YourCompany.MyProject
[2017.10.12-13.29.02:749][ 49]LogTemp: CWD: D:\UE_4.17\Engine\Binaries\DotNET\IOS
[2017.10.12-13.29.02:749][ 49]LogTemp: Initial Dir: D:\UE_4.17
[2017.10.12-13.29.02:749][ 49]LogTemp: Env CWD: D:\UE_4.17\Engine\Binaries\DotNET\IOS
[2017.10.12-13.29.02:749][ 49]LogTemp: BranchPath = QUENTIN-PC/D/UE_4.17/Engine/Binaries --- GameBranchPath = QUENTIN-PC/D/UE_4.17/Engine/Binaries
[2017.10.12-13.29.02:749][ 49]LogTemp: IPP ERROR: Could not find provision directory 'C:\Users\Quentin\AppData\Local/Apple Computer/MobileDevice/Provisioning Profiles/'.
[2017.10.12-13.31.09:506][497]LogBlueprintUserMessages: Early EndPlayMap Detection: Level '/Game/TopDownCPP/Maps/TopDownExampleMap.TopDownExampleMap:PersistentLevel' has LevelScriptBlueprint '/Game/TopDownCPP/Maps/TopDownExampleMap.TopDownExampleMap:PersistentLevel.TopDownExampleMap' with GeneratedClass '/Game/TopDownCPP/Maps/TopDownExampleMap.TopDownExampleMap_C' with ClassGeneratedBy '/Game/TopDownCPP/Maps/TopDownExampleMap.TopDownExampleMap:PersistentLevel.TopDownExampleMap'
[2017.10.12-13.31.09:737][497]LogBlueprintUserMessages: Late EndPlayMap Detection: Level '/Game/TopDownCPP/Maps/TopDownExampleMap.TopDownExampleMap:PersistentLevel' has LevelScriptBlueprint '/Game/TopDownCPP/Maps/TopDownExampleMap.TopDownExampleMap:PersistentLevel.TopDownExampleMap' with GeneratedClass '/Game/TopDownCPP/Maps/TopDownExampleMap.TopDownExampleMap_C' with ClassGeneratedBy '/Game/TopDownCPP/Maps/TopDownExampleMap.TopDownExampleMap:PersistentLevel.TopDownExampleMap'
[2017.10.12-13.31.35:575][795]LogSlate: Took 0.000854 seconds to synchronously load lazily loaded font '../../../Engine/Content/Slate/Fonts/Roboto-Light.ttf' (159K)
[2017.10.12-13.31.38:312][930]LogSlate: Warning: Prevented a slow task dialog from being summoned while a context menu was open
[2017.10.12-13.31.40:149][930]LogContentBrowser: Native class hierarchy updated for 'BlueprintGraph' in 0.0049 seconds. Added 113 classes and 0 folders.
[2017.10.12-13.32.47:077][415]LogSlate: Took 0.074044 seconds to synchronously load lazily loaded font '../../../Engine/Content/Slate/Fonts/Roboto-Light.ttf' (159K)
[2017.10.12-13.32.47:688][415]LogSlate: Took 0.018183 seconds to synchronously load lazily loaded font '../../../Engine/Content/Editor/Slate/Fonts/Roboto-BoldCondensed.ttf' (158K)
[2017.10.12-13.32.49:555][492]LogSlate: Took 0.068497 seconds to synchronously load lazily loaded font '../../../Engine/Content/Editor/Slate/Fonts/Roboto-Italic.ttf' (157K)
[2017.10.12-13.33.09:129][472]LogRenderer: Reallocating scene render targets to support 1208x940 Format 10 NumSamples 1 (Frame:1).
[2017.10.12-13.36.46:183][924]SourceControl: Source control is disabled
[2017.10.12-13.38.29:592][326]LogEditorViewport: Clicking on Actor (LMB): PlayerStart (NetworkPlayerStart)
[2017.10.12-13.38.34:873][601]LogTemp: Repeating last play command: Selected Viewport
[2017.10.12-13.38.34:903][601]LogBlueprintUserMessages: Early PlayInEditor Detection: Level '/Game/TopDownCPP/Maps/TopDownExampleMap.TopDownExampleMap:PersistentLevel' has LevelScriptBlueprint '/Game/TopDownCPP/Maps/TopDownExampleMap.TopDownExampleMap:PersistentLevel.TopDownExampleMap' with GeneratedClass '/Game/TopDownCPP/Maps/TopDownExampleMap.TopDownExampleMap_C' with ClassGeneratedBy '/Game/TopDownCPP/Maps/TopDownExampleMap.TopDownExampleMap:PersistentLevel.TopDownExampleMap'
[2017.10.12-13.38.34:903][601]LogPlayLevel: PlayLevel: No blueprints needed recompiling
[2017.10.12-13.38.34:903][601]PIE: New page: PIE session: TopDownExampleMap (Oct 12, 2017, 5:38:34 PM)
[2017.10.12-13.38.34:903][601]LogPlayLevel: Creating play world package: /Game/TopDownCPP/Maps/UEDPIE_0_TopDownExampleMap
[2017.10.12-13.38.34:938][601]LogPlayLevel: PIE: StaticDuplicateObject took: (0.034422s)
[2017.10.12-13.38.34:939][601]LogAIModule: Creating AISystem for world TopDownExampleMap
[2017.10.12-13.38.34:939][601]LogPlayLevel: PIE: World Init took: (0.001219s)
[2017.10.12-13.38.34:939][601]LogPlayLevel: PIE: Created PIE world by copying editor world from /Game/TopDownCPP/Maps/TopDownExampleMap.TopDownExampleMap to /Game/TopDownCPP/Maps/UEDPIE_0_TopDownExampleMap.TopDownExampleMap (0.036237s)
[2017.10.12-13.38.35:012][601]LogInit: XAudio2 using 'Haut-parleurs (Bose SLIII Stereo)' : 2 channels at 44.1 kHz using 16 bits per sample (channel mask 0x3)
[2017.10.12-13.38.35:022][601]LogInit: FAudioDevice initialized.
[2017.10.12-13.38.35:061][601]LogLoad: Game class is 'MyProjectGameMode'
[2017.10.12-13.38.35:065][601]LogWorld: Bringing World /Game/TopDownCPP/Maps/UEDPIE_0_TopDownExampleMap.TopDownExampleMap up for play (max tick rate 60) at 2017.10.12-15.38.35
[2017.10.12-13.38.35:066][601]LogWorld: Bringing up level for play took: 0.004153
[2017.10.12-13.38.35:070][601]PIE: Play in editor start time for /Game/TopDownCPP/Maps/UEDPIE_0_TopDownExampleMap -0.083
[2017.10.12-13.38.35:070][601]LogBlueprintUserMessages: Late PlayInEditor Detection: Level '/Game/TopDownCPP/Maps/TopDownExampleMap.TopDownExampleMap:PersistentLevel' has LevelScriptBlueprint '/Game/TopDownCPP/Maps/TopDownExampleMap.TopDownExampleMap:PersistentLevel.TopDownExampleMap' with GeneratedClass '/Game/TopDownCPP/Maps/TopDownExampleMap.TopDownExampleMap_C' with ClassGeneratedBy '/Game/TopDownCPP/Maps/TopDownExampleMap.TopDownExampleMap:PersistentLevel.TopDownExampleMap'
[2017.10.12-13.41.38:705][732]LogLinker: Warning: Asset 'C:/Users/Quentin/Documents/Projet/MyProject/Content/TopDownCPP/TopDownOverview.uasset' has been saved with empty engine version. The asset will be loaded but may be incompatible.
[2017.10.12-13.42.10:455][353]LogBlueprintUserMessages: Early EndPlayMap Detection: Level '/Game/TopDownCPP/Maps/TopDownExampleMap.TopDownExampleMap:PersistentLevel' has LevelScriptBlueprint '/Game/TopDownCPP/Maps/TopDownExampleMap.TopDownExampleMap:PersistentLevel.TopDownExampleMap' with GeneratedClass '/Game/TopDownCPP/Maps/TopDownExampleMap.TopDownExampleMap_C' with ClassGeneratedBy '/Game/TopDownCPP/Maps/TopDownExampleMap.TopDownExampleMap:PersistentLevel.TopDownExampleMap'
[2017.10.12-13.42.10:587][353]LogBlueprintUserMessages: Late EndPlayMap Detection: Level '/Game/TopDownCPP/Maps/TopDownExampleMap.TopDownExampleMap:PersistentLevel' has LevelScriptBlueprint '/Game/TopDownCPP/Maps/TopDownExampleMap.TopDownExampleMap:PersistentLevel.TopDownExampleMap' with GeneratedClass '/Game/TopDownCPP/Maps/TopDownExampleMap.TopDownExampleMap_C' with ClassGeneratedBy '/Game/TopDownCPP/Maps/TopDownExampleMap.TopDownExampleMap:PersistentLevel.TopDownExampleMap'
[2017.10.12-13.42.13:411][476]LogSlate: Warning: Prevented a slow task dialog from being summoned while a context menu was open
[2017.10.12-13.42.28:123][278]LogSlate: Warning: Prevented a slow task dialog from being summoned while a context menu was open
[2017.10.12-13.43.38:427][ 98]LogTemp: Repeating last play command: Selected Viewport
[2017.10.12-13.43.38:437][ 98]LogBlueprintUserMessages: Early PlayInEditor Detection: Level '/Game/TopDownCPP/Maps/TopDownExampleMap.TopDownExampleMap:PersistentLevel' has LevelScriptBlueprint '/Game/TopDownCPP/Maps/TopDownExampleMap.TopDownExampleMap:PersistentLevel.TopDownExampleMap' with GeneratedClass '/Game/TopDownCPP/Maps/TopDownExampleMap.TopDownExampleMap_C' with ClassGeneratedBy '/Game/TopDownCPP/Maps/TopDownExampleMap.TopDownExampleMap:PersistentLevel.TopDownExampleMap'
[2017.10.12-13.43.38:437][ 98]LogPlayLevel: PlayLevel: No blueprints needed recompiling
[2017.10.12-13.43.38:438][ 98]PIE: New page: PIE session: TopDownExampleMap (Oct 12, 2017, 5:43:38 PM)
[2017.10.12-13.43.38:438][ 98]LogPlayLevel: Creating play world package: /Game/TopDownCPP/Maps/UEDPIE_0_TopDownExampleMap
[2017.10.12-13.43.38:461][ 98]LogPlayLevel: PIE: StaticDuplicateObject took: (0.023617s)
[2017.10.12-13.43.38:463][ 98]LogAIModule: Creating AISystem for world TopDownExampleMap
[2017.10.12-13.43.38:463][ 98]LogPlayLevel: PIE: World Init took: (0.001407s)
[2017.10.12-13.43.38:463][ 98]LogPlayLevel: PIE: Created PIE world by copying editor world from /Game/TopDownCPP/Maps/TopDownExampleMap.TopDownExampleMap to /Game/TopDownCPP/Maps/UEDPIE_0_TopDownExampleMap.TopDownExampleMap (0.025417s)
[2017.10.12-13.43.38:493][ 98]LogInit: XAudio2 using 'Haut-parleurs (Bose SLIII Stereo)' : 2 channels at 44.1 kHz using 16 bits per sample (channel mask 0x3)
[2017.10.12-13.43.38:501][ 98]LogInit: FAudioDevice initialized.
[2017.10.12-13.43.38:535][ 98]LogLoad: Game class is 'MyProjectGameMode'
[2017.10.12-13.43.38:537][ 98]LogWorld: Bringing World /Game/TopDownCPP/Maps/UEDPIE_0_TopDownExampleMap.TopDownExampleMap up for play (max tick rate 60) at 2017.10.12-15.43.38
[2017.10.12-13.43.38:537][ 98]LogWorld: Bringing up level for play took: 0.001861
[2017.10.12-13.43.38:539][ 98]PIE: Play in editor start time for /Game/TopDownCPP/Maps/UEDPIE_0_TopDownExampleMap -0.613
[2017.10.12-13.43.38:539][ 98]LogBlueprintUserMessages: Late PlayInEditor Detection: Level '/Game/TopDownCPP/Maps/TopDownExampleMap.TopDownExampleMap:PersistentLevel' has LevelScriptBlueprint '/Game/TopDownCPP/Maps/TopDownExampleMap.TopDownExampleMap:PersistentLevel.TopDownExampleMap' with GeneratedClass '/Game/TopDownCPP/Maps/TopDownExampleMap.TopDownExampleMap_C' with ClassGeneratedBy '/Game/TopDownCPP/Maps/TopDownExampleMap.TopDownExampleMap:PersistentLevel.TopDownExampleMap'
[2017.10.12-13.44.01:458][338]LogBlueprintUserMessages: Early EndPlayMap Detection: Level '/Game/TopDownCPP/Maps/TopDownExampleMap.TopDownExampleMap:PersistentLevel' has LevelScriptBlueprint '/Game/TopDownCPP/Maps/TopDownExampleMap.TopDownExampleMap:PersistentLevel.TopDownExampleMap' with GeneratedClass '/Game/TopDownCPP/Maps/TopDownExampleMap.TopDownExampleMap_C' with ClassGeneratedBy '/Game/TopDownCPP/Maps/TopDownExampleMap.TopDownExampleMap:PersistentLevel.TopDownExampleMap'
[2017.10.12-13.44.01:538][338]LogBlueprintUserMessages: Late EndPlayMap Detection: Level '/Game/TopDownCPP/Maps/TopDownExampleMap.TopDownExampleMap:PersistentLevel' has LevelScriptBlueprint '/Game/TopDownCPP/Maps/TopDownExampleMap.TopDownExampleMap:PersistentLevel.TopDownExampleMap' with GeneratedClass '/Game/TopDownCPP/Maps/TopDownExampleMap.TopDownExampleMap_C' with ClassGeneratedBy '/Game/TopDownCPP/Maps/TopDownExampleMap.TopDownExampleMap:PersistentLevel.TopDownExampleMap'
[2017.10.12-13.44.44:946][817]BlueprintLog: New page: Compile TopDownCharacter
[2017.10.12-13.44.48:518][973]Cmd: OBJ SAVEPACKAGE PACKAGE="/Game/TopDownCPP/Blueprints/TopDownCharacter" FILE="C:/Users/Quentin/Documents/Projet/MyProject/Content/TopDownCPP/Blueprints/TopDownCharacter.uasset" SILENT=true
[2017.10.12-13.44.48:664][973]LogSavePackage: Save=105.24ms
[2017.10.12-13.44.48:664][973]LogSavePackage: Moving 'C:/Users/Quentin/Documents/Projet/MyProject/Saved/TopDownCharacterFC91711E476F5414A893CEA55ED4CB41.tmp' to 'C:/Users/Quentin/Documents/Projet/MyProject/Content/TopDownCPP/Blueprints/TopDownCharacter.uasset'
[2017.10.12-13.44.48:700][973]LogSavePackage: Display: Finished SavePackage C:/Users/Quentin/Documents/Projet/MyProject/Content/TopDownCPP/Blueprints/TopDownCharacter.uasset
[2017.10.12-13.44.50:578][ 73]LogTemp: Repeating last play command: Selected Viewport
[2017.10.12-13.44.50:593][ 73]LogBlueprintUserMessages: Early PlayInEditor Detection: Level '/Game/TopDownCPP/Maps/TopDownExampleMap.TopDownExampleMap:PersistentLevel' has LevelScriptBlueprint '/Game/TopDownCPP/Maps/TopDownExampleMap.TopDownExampleMap:PersistentLevel.TopDownExampleMap' with GeneratedClass '/Game/TopDownCPP/Maps/TopDownExampleMap.TopDownExampleMap_C' with ClassGeneratedBy '/Game/TopDownCPP/Maps/TopDownExampleMap.TopDownExampleMap:PersistentLevel.TopDownExampleMap'
[2017.10.12-13.44.50:593][ 73]LogPlayLevel: PlayLevel: No blueprints needed recompiling
[2017.10.12-13.44.50:593][ 73]PIE: New page: PIE session: TopDownExampleMap (Oct 12, 2017, 5:44:50 PM)
[2017.10.12-13.44.50:593][ 73]LogPlayLevel: Creating play world package: /Game/TopDownCPP/Maps/UEDPIE_0_TopDownExampleMap
[2017.10.12-13.44.50:617][ 73]LogPlayLevel: PIE: StaticDuplicateObject took: (0.023265s)
[2017.10.12-13.44.50:618][ 73]LogAIModule: Creating AISystem for world TopDownExampleMap
[2017.10.12-13.44.50:618][ 73]LogPlayLevel: PIE: World Init took: (0.001317s)
[2017.10.12-13.44.50:618][ 73]LogPlayLevel: PIE: Created PIE world by copying editor world from /Game/TopDownCPP/Maps/TopDownExampleMap.TopDownExampleMap to /Game/TopDownCPP/Maps/UEDPIE_0_TopDownExampleMap.TopDownExampleMap (0.025000s)
[2017.10.12-13.44.50:646][ 73]LogInit: XAudio2 using 'Haut-parleurs (Bose SLIII Stereo)' : 2 channels at 44.1 kHz using 16 bits per sample (channel mask 0x3)
[2017.10.12-13.44.50:653][ 73]LogInit: FAudioDevice initialized.
[2017.10.12-13.44.50:690][ 73]LogLoad: Game class is 'MyProjectGameMode'
[2017.10.12-13.44.50:694][ 73]LogWorld: Bringing World /Game/TopDownCPP/Maps/UEDPIE_0_TopDownExampleMap.TopDownExampleMap up for play (max tick rate 60) at 2017.10.12-15.44.50
[2017.10.12-13.44.50:694][ 73]LogWorld: Bringing up level for play took: 0.003065
[2017.10.12-13.44.50:699][ 73]PIE: Play in editor start time for /Game/TopDownCPP/Maps/UEDPIE_0_TopDownExampleMap -0.453
[2017.10.12-13.44.50:700][ 73]LogBlueprintUserMessages: Late PlayInEditor Detection: Level '/Game/TopDownCPP/Maps/TopDownExampleMap.TopDownExampleMap:PersistentLevel' has LevelScriptBlueprint '/Game/TopDownCPP/Maps/TopDownExampleMap.TopDownExampleMap:PersistentLevel.TopDownExampleMap' with GeneratedClass '/Game/TopDownCPP/Maps/TopDownExampleMap.TopDownExampleMap_C' with ClassGeneratedBy '/Game/TopDownCPP/Maps/TopDownExampleMap.TopDownExampleMap:PersistentLevel.TopDownExampleMap'
[2017.10.12-13.45.19:321][751]LogBlueprintUserMessages: Early EndPlayMap Detection: Level '/Game/TopDownCPP/Maps/TopDownExampleMap.TopDownExampleMap:PersistentLevel' has LevelScriptBlueprint '/Game/TopDownCPP/Maps/TopDownExampleMap.TopDownExampleMap:PersistentLevel.TopDownExampleMap' with GeneratedClass '/Game/TopDownCPP/Maps/TopDownExampleMap.TopDownExampleMap_C' with ClassGeneratedBy '/Game/TopDownCPP/Maps/TopDownExampleMap.TopDownExampleMap:PersistentLevel.TopDownExampleMap'
[2017.10.12-13.45.19:362][751]LogBlueprintUserMessages: Late EndPlayMap Detection: Level '/Game/TopDownCPP/Maps/TopDownExampleMap.TopDownExampleMap:PersistentLevel' has LevelScriptBlueprint '/Game/TopDownCPP/Maps/TopDownExampleMap.TopDownExampleMap:PersistentLevel.TopDownExampleMap' with GeneratedClass '/Game/TopDownCPP/Maps/TopDownExampleMap.TopDownExampleMap_C' with ClassGeneratedBy '/Game/TopDownCPP/Maps/TopDownExampleMap.TopDownExampleMap:PersistentLevel.TopDownExampleMap'
[2017.10.12-13.50.07:988][177]LogWindowsTextInputMethodSystem: Display: IME system now deactivated.
[2017.10.12-13.50.08:499][178]Cmd: QUIT_EDITOR
[2017.10.12-13.50.09:946][178]LogExit: Preparing to exit.
[2017.10.12-13.50.11:106][178]LogExit: Editor shut down
[2017.10.12-13.50.11:160][178]LogExit: Transaction tracking system shut down
[2017.10.12-13.50.11:574][178]LogDirectoryWatcher: A directory notification for '../../../Engine/Content/' was aborted.
[2017.10.12-13.50.11:574][178]LogDirectoryWatcher: A directory notification for 'C:/Users/Quentin/Documents/Projet/MyProject/Content/' was aborted.
[2017.10.12-13.50.11:574][178]LogDirectoryWatcher: A directory notification for '../../../Engine/Plugins/2D/Paper2D/Content/' was aborted.
[2017.10.12-13.50.11:574][178]LogDirectoryWatcher: A directory notification for '../../../Engine/Plugins/Runtime/Oculus/OculusVR/Content/' was aborted.
[2017.10.12-13.50.11:574][178]LogDirectoryWatcher: A directory notification for '../../../Engine/Plugins/Runtime/Steam/SteamVR/Content/' was aborted.
[2017.10.12-13.50.13:592][178]LogExit: Object subsystem successfully closed.
[2017.10.12-13.50.13:779][178]LogD3D11RHI: Shutdown
[2017.10.12-13.50.13:795][178]LogD3D11RHI: CleanupD3DDevice
[2017.10.12-13.50.14:148][178]LogD3D11RHI: ~FD3D11DynamicRHI
[2017.10.12-13.50.15:629][178]LogModuleManager: Shutting down and abandoning module BlueprintGraph (540)
[2017.10.12-13.50.15:629][178]LogModuleManager: Shutting down and abandoning module BlueprintProfiler (538)
[2017.10.12-13.50.15:642][178]LogModuleManager: Shutting down and abandoning module ExternalImagePicker (536)
[2017.10.12-13.50.15:642][178]LogModuleManager: Shutting down and abandoning module MovieSceneCapture (534)
[2017.10.12-13.50.15:642][178]LogModuleManager: Shutting down and abandoning module HierarchicalLODOutliner (532)
[2017.10.12-13.50.15:642][178]LogModuleManager: Shutting down and abandoning module SceneOutliner (530)
[2017.10.12-13.50.15:650][178]LogModuleManager: Shutting down and abandoning module AddContentDialog (528)
[2017.10.12-13.50.15:660][178]LogDirectoryWatcher: A directory notification for 'D:/UE_4.17/FeaturePacks/' was aborted.
[2017.10.12-13.50.15:670][178]LogModuleManager: Shutting down and abandoning module WidgetCarousel (527)
[2017.10.12-13.50.15:670][178]LogModuleManager: Shutting down and abandoning module EditorWidgets (524)
[2017.10.12-13.50.15:670][178]LogModuleManager: Shutting down and abandoning module CollectionManager (522)
[2017.10.12-13.50.15:674][178]LogDirectoryWatcher: A directory notification for 'C:/Users/Quentin/Documents/Projet/MyProject/Content/Collections/' was aborted.
[2017.10.12-13.50.15:674][178]LogDirectoryWatcher: A directory notification for 'C:/Users/Quentin/Documents/Projet/MyProject/Content/Developers/Quentin/Collections/' was aborted.
[2017.10.12-13.50.15:674][178]LogDirectoryWatcher: A directory notification for 'C:/Users/Quentin/Documents/Projet/MyProject/Saved/Collections/' was aborted.
[2017.10.12-13.50.15:675][178]LogModuleManager: Shutting down and abandoning module StatsViewer (520)
[2017.10.12-13.50.15:690][178]LogModuleManager: Shutting down and abandoning module FoliageEdit (518)
[2017.10.12-13.50.15:690][178]LogModuleManager: Shutting down and abandoning module LandscapeEditor (516)
[2017.10.12-13.50.15:712][178]LogModuleManager: Shutting down and abandoning module MeshPaintMode (514)
[2017.10.12-13.50.15:712][178]LogModuleManager: Shutting down and abandoning module SceneDepthPickerMode (512)
[2017.10.12-13.50.15:712][178]LogModuleManager: Shutting down and abandoning module ActorPickerMode (510)
[2017.10.12-13.50.15:712][178]LogModuleManager: Shutting down and abandoning module GeometryMode (508)
[2017.10.12-13.50.15:712][178]LogModuleManager: Shutting down and abandoning module TextureAlignMode (506)
[2017.10.12-13.50.15:712][178]LogModuleManager: Shutting down and abandoning module BspMode (504)
[2017.10.12-13.50.15:721][178]LogModuleManager: Shutting down and abandoning module PIEPreviewDeviceProfileSelector (502)
[2017.10.12-13.50.15:722][178]LogModuleManager: Shutting down and abandoning module HardwareSurvey (500)
[2017.10.12-13.50.15:722][178]LogModuleManager: Shutting down and abandoning module SequenceRecorderSections (498)
[2017.10.12-13.50.15:755][178]LogModuleManager: Shutting down and abandoning module AutomationWorker (496)
[2017.10.12-13.50.15:769][178]LogModuleManager: Shutting down and abandoning module MatineeToLevelSequence (494)
[2017.10.12-13.50.15:794][178]LogModuleManager: Shutting down and abandoning module LevelSequenceEditor (492)
[2017.10.12-13.50.15:827][178]LogModuleManager: Shutting down and abandoning module PlacementMode (491)
[2017.10.12-13.50.15:828][178]LogModuleManager: Shutting down and abandoning module WmfMediaFactory (488)
[2017.10.12-13.50.15:828][178]LogModuleManager: Shutting down and abandoning module WmfMediaEditor (486)
[2017.10.12-13.50.15:828][178]LogModuleManager: Shutting down and abandoning module AvfMediaFactory (484)
[2017.10.12-13.50.15:828][178]LogModuleManager: Shutting down and abandoning module AvfMediaEditor (482)
[2017.10.12-13.50.15:828][178]LogModuleManager: Shutting down and abandoning module AndroidMediaFactory (480)
[2017.10.12-13.50.15:828][178]LogModuleManager: Shutting down and abandoning module Media (479)
[2017.10.12-13.50.15:828][178]LogModuleManager: Shutting down and abandoning module AndroidMediaEditor (476)
[2017.10.12-13.50.15:828][178]LogModuleManager: Shutting down and abandoning module CharacterAI (474)
[2017.10.12-13.50.15:828][178]LogModuleManager: Shutting down and abandoning module AudioCapture (472)
[2017.10.12-13.50.15:828][178]LogModuleManager: Shutting down and abandoning module SequenceRecorder (471)
[2017.10.12-13.50.15:832][178]LogModuleManager: Shutting down and abandoning module SmartSnapping (468)
[2017.10.12-13.50.15:833][178]LogModuleManager: Shutting down and abandoning module SessionServices (466)
[2017.10.12-13.50.15:833][178]LogModuleManager: Shutting down and abandoning module ViewportSnapping (464)
[2017.10.12-13.50.15:833][178]LogModuleManager: Shutting down and abandoning module ViewportInteraction (462)
[2017.10.12-13.50.15:833][178]LogModuleManager: Shutting down and abandoning module ClothPainter (460)
[2017.10.12-13.50.15:868][178]LogModuleManager: Shutting down and abandoning module LogVisualizer (458)
[2017.10.12-13.50.15:885][178]LogModuleManager: Shutting down and abandoning module IntroTutorials (456)
[2017.10.12-13.50.15:912][178]LogModuleManager: Shutting down and abandoning module GameProjectGeneration (455)
[2017.10.12-13.50.15:928][178]LogModuleManager: Shutting down and abandoning module IOSPlatformEditor (452)
[2017.10.12-13.50.15:928][178]LogModuleManager: Shutting down and abandoning module HTML5PlatformEditor (450)
[2017.10.12-13.50.15:928][178]LogModuleManager: Shutting down and abandoning module AndroidPlatformEditor (448)
[2017.10.12-13.50.15:928][178]LogModuleManager: Shutting down and abandoning module AndroidDeviceDetection (447)
[2017.10.12-13.50.16:491][178]LogModuleManager: Shutting down and abandoning module WindowsPlatformEditor (444)
[2017.10.12-13.50.16:491][178]LogModuleManager: Shutting down and abandoning module IOSRuntimeSettings (442)
[2017.10.12-13.50.16:491][178]LogModuleManager: Shutting down and abandoning module AndroidRuntimeSettings (440)
[2017.10.12-13.50.16:491][178]LogModuleManager: Shutting down and abandoning module InputBindingEditor (438)
[2017.10.12-13.50.16:510][178]LogModuleManager: Shutting down and abandoning module MergeActors (436)
[2017.10.12-13.50.16:544][178]LogModuleManager: Shutting down and abandoning module SizeMap (434)
[2017.10.12-13.50.16:544][178]LogModuleManager: Shutting down and abandoning module TreeMap (432)
[2017.10.12-13.50.16:555][178]LogModuleManager: Shutting down and abandoning module ReferenceViewer (430)
[2017.10.12-13.50.16:555][178]LogModuleManager: Shutting down and abandoning module LocalizationDashboard (428)
[2017.10.12-13.50.16:560][178]LogModuleManager: Shutting down and abandoning module LocalizationService (427)
[2017.10.12-13.50.16:575][178]LogModuleManager: Shutting down and abandoning module HardwareTargeting (424)
[2017.10.12-13.50.16:575][178]LogModuleManager: Shutting down and abandoning module DeviceProfileEditor (422)
[2017.10.12-13.50.16:583][178]LogModuleManager: Shutting down and abandoning module UndoHistory (420)
[2017.10.12-13.50.16:584][178]LogModuleManager: Shutting down and abandoning module XmlParser (418)
[2017.10.12-13.50.16:592][178]LogModuleManager: Shutting down and abandoning module Blutility (416)
[2017.10.12-13.50.16:592][178]LogModuleManager: Shutting down and abandoning module ProjectSettingsViewer (414)
[2017.10.12-13.50.16:592][178]LogModuleManager: Shutting down and abandoning module ProjectTargetPlatformEditor (413)
[2017.10.12-13.50.16:593][178]LogModuleManager: Shutting down and abandoning module EditorSettingsViewer (410)
[2017.10.12-13.50.16:593][178]LogModuleManager: Shutting down and abandoning module SettingsEditor (408)
[2017.10.12-13.50.16:601][178]LogModuleManager: Shutting down and abandoning module ProjectLauncher (406)
[2017.10.12-13.50.16:606][178]LogModuleManager: Shutting down and abandoning module SessionFrontend (404)
[2017.10.12-13.50.16:615][178]LogModuleManager: Shutting down and abandoning module ProfilerClient (402)
[2017.10.12-13.50.16:646][178]LogModuleManager: Shutting down and abandoning module DeviceManager (400)
[2017.10.12-13.50.16:660][178]LogModuleManager: Shutting down and abandoning module TargetDeviceServices (399)
[2017.10.12-13.50.16:713][178]LogModuleManager: Shutting down and abandoning module AutomationController (396)
[2017.10.12-13.50.16:720][178]LogModuleManager: Shutting down and abandoning module AutomationWindow (394)
[2017.10.12-13.50.16:740][178]LogModuleManager: Shutting down and abandoning module Layers (392)
[2017.10.12-13.50.16:757][178]LogModuleManager: Shutting down and abandoning module ComponentVisualizers (390)
[2017.10.12-13.50.16:757][178]LogModuleManager: Shutting down and abandoning module DetailCustomizations (388)
[2017.10.12-13.50.16:770][178]LogModuleManager: Shutting down and abandoning module PackagesDialog (386)
[2017.10.12-13.50.16:783][178]LogModuleManager: Shutting down and abandoning module Persona (384)
[2017.10.12-13.50.16:803][178]LogModuleManager: Shutting down and abandoning module AdvancedPreviewScene (383)
[2017.10.12-13.50.16:803][178]LogModuleManager: Shutting down and abandoning module AnimGraph (381)
[2017.10.12-13.50.16:818][178]LogModuleManager: Shutting down and abandoning module Kismet (378)
[2017.10.12-13.50.16:837][178]LogModuleManager: Shutting down and abandoning module ClassViewer (376)
[2017.10.12-13.50.16:839][178]LogModuleManager: Shutting down and abandoning module Toolbox (374)
[2017.10.12-13.50.16:839][178]LogModuleManager: Shutting down and abandoning module ModuleUI (372)
[2017.10.12-13.50.16:847][178]LogModuleManager: Shutting down and abandoning module MovieSceneTools (370)
[2017.10.12-13.50.16:868][178]LogModuleManager: Shutting down and abandoning module OutputLog (368)
[2017.10.12-13.50.16:904][178]LogModuleManager: Shutting down and abandoning module GammaUI (366)
[2017.10.12-13.50.16:914][178]LogModuleManager: Shutting down and abandoning module Documentation (364)
[2017.10.12-13.50.16:914][178]LogModuleManager: Shutting down and abandoning module MovieSceneTracks (362)
[2017.10.12-13.50.16:914][178]LogModuleManager: Shutting down and abandoning module MovieScene (360)
[2017.10.12-13.50.16:914][178]LogModuleManager: Shutting down and abandoning module Niagara (358)
[2017.10.12-13.50.16:914][178]LogModuleManager: Shutting down and abandoning module NiagaraEditor (357)
[2017.10.12-13.50.16:943][178]LogModuleManager: Shutting down and abandoning module StreamingPauseRendering (354)
[2017.10.12-13.50.16:943][178]LogModuleManager: Shutting down and abandoning module LauncherPlatform (352)
[2017.10.12-13.50.16:943][178]LogModuleManager: Shutting down and abandoning module AnalyticsET (350)
[2017.10.12-13.50.16:943][178]LogModuleManager: Shutting down and abandoning module PortalServices (348)
[2017.10.12-13.50.16:943][178]LogModuleManager: Shutting down and abandoning module PortalRpc (346)
[2017.10.12-13.50.16:943][178]LogModuleManager: Shutting down and abandoning module MessagingRpc (344)
[2017.10.12-13.50.16:943][178]LogModuleManager: Shutting down and abandoning module AIModule (342)
[2017.10.12-13.50.16:943][178]LogModuleManager: Shutting down and abandoning module GameplayDebugger (341)
[2017.10.12-13.50.16:943][178]LogModuleManager: Shutting down and abandoning module AITestSuite (339)
[2017.10.12-13.50.16:953][178]LogModuleManager: Shutting down and abandoning module ProfilerService (336)
[2017.10.12-13.50.17:200][178]LogModuleManager: Shutting down and abandoning module TaskGraph (334)
[2017.10.12-13.50.17:210][178]LogModuleManager: Shutting down and abandoning module SteamVRController (332)
[2017.10.12-13.50.17:210][178]LogModuleManager: Shutting down and abandoning module ProceduralMeshComponentEditor (330)
[2017.10.12-13.50.17:210][178]LogModuleManager: Shutting down and abandoning module ProceduralMeshComponent (328)
[2017.10.12-13.50.17:210][178]LogModuleManager: Shutting down and abandoning module OculusInput (326)
[2017.10.12-13.50.17:246][178]LogModuleManager: Shutting down and abandoning module MobilePatchingUtils (324)
[2017.10.12-13.50.17:246][178]LogModuleManager: Shutting down and abandoning module CustomMeshComponent (322)
[2017.10.12-13.50.17:246][178]LogModuleManager: Shutting down and abandoning module CableComponent (320)
[2017.10.12-13.50.17:260][178]LogModuleManager: Shutting down and abandoning module ArchVisCharacter (318)
[2017.10.12-13.50.17:261][178]LogModuleManager: Shutting down and abandoning module AndroidPermission (316)
[2017.10.12-13.50.17:261][178]LogModuleManager: Shutting down and abandoning module MediaPlayerEditor (312)
[2017.10.12-13.50.17:275][178]LogModuleManager: Shutting down and abandoning module HTML5Networking (310)
[2017.10.12-13.50.17:276][178]LogModuleManager: Shutting down and abandoning module AlembicImporter (308)
[2017.10.12-13.50.17:286][178]LogModuleManager: Shutting down and abandoning module AlembicLibrary (307)
[2017.10.12-13.50.17:286][178]LogModuleManager: Shutting down and abandoning module GeometryCache (306)
[2017.10.12-13.50.17:286][178]LogModuleManager: Shutting down and abandoning module GeometryCacheEd (305)
[2017.10.12-13.50.17:286][178]LogModuleManager: Shutting down and abandoning module SpeedTreeImporter (300)
[2017.10.12-13.50.17:286][178]LogModuleManager: Shutting down and abandoning module PluginBrowser (298)
[2017.10.12-13.50.17:303][178]LogModuleManager: Shutting down and abandoning module MobileLauncherProfileWizard (296)
[2017.10.12-13.50.17:317][178]LogModuleManager: Shutting down and abandoning module VisualStudioSourceCodeAccess (294)
[2017.10.12-13.50.17:317][178]LogModuleManager: Shutting down and abandoning module DesktopPlatform (293)
[2017.10.12-13.50.17:338][178]LogModuleManager: Shutting down and abandoning module UObjectPlugin (290)
[2017.10.12-13.50.17:338][178]LogModuleManager: Shutting down and abandoning module SubversionSourceControl (288)
[2017.10.12-13.50.17:354][178]LogModuleManager: Shutting down and abandoning module PerforceSourceControl (286)
[2017.10.12-13.50.17:372][178]LogModuleManager: Shutting down and abandoning module GitSourceControl (284)
[2017.10.12-13.50.17:372][178]LogModuleManager: Shutting down and abandoning module SourceControl (283)
[2017.10.12-13.50.17:372][178]LogModuleManager: Shutting down and abandoning module LightPropagationVolumeEditor (280)
[2017.10.12-13.50.17:372][178]LogModuleManager: Shutting down and abandoning module PaperTiledImporter (278)
[2017.10.12-13.50.17:372][178]LogModuleManager: Shutting down and abandoning module PaperSpriteSheetImporter (276)
[2017.10.12-13.50.17:372][178]LogModuleManager: Shutting down and abandoning module Paper2DEditor (274)
[2017.10.12-13.50.17:376][178]LogModuleManager: Shutting down and abandoning module MeshPaint (273)
[2017.10.12-13.50.17:385][178]LogModuleManager: Shutting down and abandoning module LevelEditor (271)
[2017.10.12-13.50.17:396][178]LogModuleManager: Shutting down and abandoning module PixelInspectorModule (270)
[2017.10.12-13.50.17:433][178]LogModuleManager: Shutting down and abandoning module MainFrame (268)
[2017.10.12-13.50.17:434][178]LogModuleManager: Shutting down and abandoning module HotReload (267)
[2017.10.12-13.50.17:441][178]LogDirectoryWatcher: A directory notification for 'C:/Users/Quentin/Documents/Projet/MyProject/Binaries/Win64' was aborted.
[2017.10.12-13.50.17:464][178]LogModuleManager: Shutting down and abandoning module MyProject (262)
[2017.10.12-13.50.17:464][178]LogModuleManager: Shutting down and abandoning module RuntimePhysXCooking (260)
[2017.10.12-13.50.17:464][178]LogModuleManager: Shutting down and abandoning module PhysXVehiclesEditor (258)
[2017.10.12-13.50.17:464][178]LogModuleManager: Shutting down and abandoning module PhysXVehicles (256)
[2017.10.12-13.50.17:464][178]LogModuleManager: Shutting down and abandoning module OculusEditor (254)
[2017.10.12-13.50.17:464][178]LogModuleManager: Shutting down and abandoning module LocationServicesBPLibrary (252)
[2017.10.12-13.50.17:464][178]LogModuleManager: Shutting down and abandoning module ImmediatePhysicsEditor (250)
[2017.10.12-13.50.17:464][178]LogModuleManager: Shutting down and abandoning module ImmediatePhysics (248)
[2017.10.12-13.50.17:478][178]LogModuleManager: Shutting down and abandoning module UdpMessaging (246)
[2017.10.12-13.50.17:579][178]LogModuleManager: Shutting down and abandoning module TcpMessaging (244)
[2017.10.12-13.50.17:703][178]LogModuleManager: Shutting down and abandoning module GameplayTagsEditor (242)
[2017.10.12-13.50.17:725][178]LogModuleManager: Shutting down and abandoning module FacialAnimationEditor (240)
[2017.10.12-13.50.17:726][178]LogModuleManager: Shutting down and abandoning module FacialAnimation (238)
[2017.10.12-13.50.17:726][178]LogModuleManager: Shutting down and abandoning module AssetManagerEditor (236)
[2017.10.12-13.50.17:742][178]LogModuleManager: Shutting down and abandoning module GraphEditor (235)
[2017.10.12-13.50.17:742][178]LogModuleManager: Shutting down and abandoning module ContentBrowser (233)
[2017.10.12-13.50.17:745][178]LogModuleManager: Shutting down and abandoning module LightPropagationVolumeRuntime (230)
[2017.10.12-13.50.17:745][178]LogModuleManager: Shutting down and abandoning module Paper2D (228)
[2017.10.12-13.50.17:749][178]LogModuleManager: Shutting down and abandoning module WindowsMoviePlayer (226)
[2017.10.12-13.50.17:766][178]LogModuleManager: Shutting down and abandoning module WmfMedia (224)
[2017.10.12-13.50.17:779][178]LogModuleManager: Shutting down and abandoning module PacketHandler (222)
[2017.10.12-13.50.17:779][178]LogModuleManager: Shutting down and abandoning module ClothingSystemEditor (220)
[2017.10.12-13.50.17:779][178]LogModuleManager: Shutting down and abandoning module ClothingSystemRuntime (218)
[2017.10.12-13.50.17:790][178]LogModuleManager: Shutting down and abandoning module Overlay (216)
[2017.10.12-13.50.17:790][178]LogModuleManager: Shutting down and abandoning module OverlayEditor (215)
[2017.10.12-13.50.17:790][178]LogModuleManager: Shutting down and abandoning module MediaAssets (212)
[2017.10.12-13.50.17:790][178]LogModuleManager: Shutting down and abandoning module VREditor (210)
[2017.10.12-13.50.17:802][178]LogModuleManager: Shutting down and abandoning module StringTableEditor (208)
[2017.10.12-13.50.17:808][178]LogModuleManager: Shutting down and abandoning module GameplayTasksEditor (206)
[2017.10.12-13.50.17:808][178]LogModuleManager: Shutting down and abandoning module BehaviorTreeEditor (204)
[2017.10.12-13.50.17:834][178]LogModuleManager: Shutting down and abandoning module FunctionalTesting (202)
[2017.10.12-13.50.17:834][178]LogModuleManager: Shutting down and abandoning module CollisionAnalyzer (200)
[2017.10.12-13.50.17:844][178]LogModuleManager: Shutting down and abandoning module WorkspaceMenuStructure (199)
[2017.10.12-13.50.17:844][178]LogModuleManager: Shutting down and abandoning module UMG (196)
[2017.10.12-13.50.17:882][178]LogModuleManager: Shutting down and abandoning module UMGEditor (195)
[2017.10.12-13.50.17:910][178]LogModuleManager: Shutting down and abandoning module Sequencer (194)
[2017.10.12-13.50.17:937][178]LogModuleManager: Shutting down and abandoning module MessageLog (191)
[2017.10.12-13.50.17:937][178]LogModuleManager: Shutting down and abandoning module SlateReflector (186)
[2017.10.12-13.50.17:958][178]LogModuleManager: Shutting down and abandoning module Slate (184)
[2017.10.12-13.50.17:958][178]LogModuleManager: Shutting down and abandoning module EditorStyle (182)
[2017.10.12-13.50.17:961][178]LogModuleManager: Shutting down and abandoning module MRMesh (180)
[2017.10.12-13.50.17:961][178]LogModuleManager: Shutting down and abandoning module SourceCodeAccess (178)
[2017.10.12-13.50.17:961][178]LogModuleManager: Shutting down and abandoning module HeadMountedDisplay (176)
[2017.10.12-13.50.17:961][178]LogModuleManager: Shutting down and abandoning module XAudio2 (174)
[2017.10.12-13.50.17:961][178]LogModuleManager: Shutting down and abandoning module Networking (172)
[2017.10.12-13.50.17:961][178]LogModuleManager: Shutting down and abandoning module Core (168)
[2017.10.12-13.50.17:961][178]LogModuleManager: Shutting down and abandoning module KismetCompiler (164)
[2017.10.12-13.50.17:961][178]LogModuleManager: Shutting down and abandoning module LevelSequence (162)
[2017.10.12-13.50.17:961][178]LogModuleManager: Shutting down and abandoning module MeshUtilities (160)
[2017.10.12-13.50.17:981][178]LogModuleManager: Shutting down and abandoning module MeshMergeUtilities (159)
[2017.10.12-13.50.17:991][178]LogModuleManager: Shutting down and abandoning module MeshReductionInterface (158)
[2017.10.12-13.50.17:991][178]LogModuleManager: Shutting down and abandoning module SimplygonSwarm (157)
[2017.10.12-13.50.18:002][178]LogModuleManager: Shutting down and abandoning module SimplygonMeshReduction (155)
[2017.10.12-13.50.18:002][178]LogModuleManager: Shutting down and abandoning module QuadricMeshReduction (153)
[2017.10.12-13.50.18:016][178]LogModuleManager: Shutting down and abandoning module MaterialBaking (149)
[2017.10.12-13.50.18:023][178]LogModuleManager: Shutting down and abandoning module DirectoryWatcher (146)
[2017.10.12-13.50.18:031][178]LogModuleManager: Shutting down and abandoning module DerivedDataCache (144)
[2017.10.12-13.50.18:110][178]LogDerivedDataCache: Shutdown
[2017.10.12-13.50.18:110][178]LogModuleManager: Shutting down and abandoning module TargetPlatform (142)
[2017.10.12-13.50.18:110][178]LogModuleManager: Shutting down and abandoning module VulkanShaderFormat (141)
[2017.10.12-13.50.18:124][178]LogModuleManager: Shutting down and abandoning module ShaderFormatVectorVM (139)
[2017.10.12-13.50.18:134][178]LogModuleManager: Shutting down and abandoning module ShaderFormatOpenGL (137)
[2017.10.12-13.50.18:145][178]LogModuleManager: Shutting down and abandoning module ShaderFormatD3D (135)
[2017.10.12-13.50.18:150][178]LogModuleManager: Shutting down and abandoning module MetalShaderFormat (133)
[2017.10.12-13.50.18:155][178]LogModuleManager: Shutting down and abandoning module TextureFormatUncompressed (131)
[2017.10.12-13.50.18:155][178]LogModuleManager: Shutting down and abandoning module TextureFormatPVR (129)
[2017.10.12-13.50.18:155][178]LogModuleManager: Shutting down and abandoning module TextureFormatDXT (127)
[2017.10.12-13.50.18:155][178]LogModuleManager: Shutting down and abandoning module TextureFormatIntelISPCTexComp (125)
[2017.10.12-13.50.18:163][178]LogModuleManager: Shutting down and abandoning module TextureFormatASTC (123)
[2017.10.12-13.50.18:163][178]LogModuleManager: Shutting down and abandoning module ImageWrapper (122)
[2017.10.12-13.50.18:163][178]LogModuleManager: Shutting down and abandoning module TextureFormatAndroid (119)
[2017.10.12-13.50.18:163][178]LogModuleManager: Shutting down and abandoning module AudioFormatOpus (117)
[2017.10.12-13.50.18:163][178]LogModuleManager: Shutting down and abandoning module AudioFormatOgg (115)
[2017.10.12-13.50.18:163][178]LogModuleManager: Shutting down and abandoning module AudioFormatADPCM (113)
[2017.10.12-13.50.18:163][178]LogModuleManager: Shutting down and abandoning module LinuxTargetPlatform (111)
[2017.10.12-13.50.18:163][178]LogModuleManager: Shutting down and abandoning module LinuxServerTargetPlatform (109)
[2017.10.12-13.50.18:163][178]LogModuleManager: Shutting down and abandoning module LinuxNoEditorTargetPlatform (107)
[2017.10.12-13.50.18:163][178]LogModuleManager: Shutting down and abandoning module LinuxClientTargetPlatform (105)
[2017.10.12-13.50.18:163][178]LogModuleManager: Shutting down and abandoning module TVOSTargetPlatform (103)
[2017.10.12-13.50.18:163][178]LogModuleManager: Shutting down and abandoning module Messaging (101)
[2017.10.12-13.50.18:163][178]LogModuleManager: Shutting down and abandoning module IOSTargetPlatform (99)
[2017.10.12-13.50.18:163][178]LogModuleManager: Shutting down and abandoning module HTML5TargetPlatform (97)
[2017.10.12-13.50.18:163][178]LogModuleManager: Shutting down and abandoning module Android_PVRTCTargetPlatform (95)
[2017.10.12-13.50.18:163][178]LogModuleManager: Shutting down and abandoning module Android_MultiTargetPlatform (93)
[2017.10.12-13.50.18:163][178]LogModuleManager: Shutting down and abandoning module Android_ETC2TargetPlatform (91)
[2017.10.12-13.50.18:163][178]LogModuleManager: Shutting down and abandoning module Android_ETC1TargetPlatform (89)
[2017.10.12-13.50.18:163][178]LogModuleManager: Shutting down and abandoning module Android_DXTTargetPlatform (87)
[2017.10.12-13.50.18:163][178]LogModuleManager: Shutting down and abandoning module Android_ATCTargetPlatform (85)
[2017.10.12-13.50.18:163][178]LogModuleManager: Shutting down and abandoning module Android_ASTCTargetPlatform (83)
[2017.10.12-13.50.18:163][178]LogModuleManager: Shutting down and abandoning module AndroidTargetPlatform (81)
[2017.10.12-13.50.18:163][178]LogModuleManager: Shutting down and abandoning module WindowsTargetPlatform (79)
[2017.10.12-13.50.18:163][178]LogModuleManager: Shutting down and abandoning module WindowsServerTargetPlatform (77)
[2017.10.12-13.50.18:163][178]LogModuleManager: Shutting down and abandoning module WindowsNoEditorTargetPlatform (75)
[2017.10.12-13.50.18:164][178]LogModuleManager: Shutting down and abandoning module WindowsClientTargetPlatform (73)
[2017.10.12-13.50.18:164][178]LogModuleManager: Shutting down and abandoning module MacTargetPlatform (71)
[2017.10.12-13.50.18:164][178]LogModuleManager: Shutting down and abandoning module MacServerTargetPlatform (69)
[2017.10.12-13.50.18:164][178]LogModuleManager: Shutting down and abandoning module MacNoEditorTargetPlatform (67)
[2017.10.12-13.50.18:164][178]LogModuleManager: Shutting down and abandoning module MacClientTargetPlatform (65)
[2017.10.12-13.50.18:164][178]LogModuleManager: Shutting down and abandoning module AllDesktopTargetPlatform (63)
[2017.10.12-13.50.18:164][178]LogModuleManager: Shutting down and abandoning module InputCore (60)
[2017.10.12-13.50.18:164][178]LogModuleManager: Shutting down and abandoning module Settings (58)
[2017.10.12-13.50.18:164][178]LogModuleManager: Shutting down and abandoning module PhysXCooking (56)
[2017.10.12-13.50.18:164][178]LogModuleManager: Shutting down and abandoning module SteamVR (54)
[2017.10.12-13.50.18:164][178]LogModuleManager: Shutting down and abandoning module OculusHMD (52)
[2017.10.12-13.50.18:172][178]LogModuleManager: Shutting down and abandoning module ExampleDeviceProfileSelector (50)
[2017.10.12-13.50.18:172][178]LogModuleManager: Shutting down and abandoning module OnlineBlueprintSupport (48)
[2017.10.12-13.50.18:172][178]LogModuleManager: Shutting down and abandoning module OnlineSubsystem (44)
[2017.10.12-13.50.18:172][178]LogOnline: Display: Unloading online subsystem: NULL
[2017.10.12-13.50.18:222][178]LogModuleManager: Shutting down and abandoning module XMPP (43)
[2017.10.12-13.50.18:232][178]LogModuleManager: Shutting down and abandoning module HTTP (41)
[2017.10.12-13.50.18:232][178]LogHttp: Display: Http module shutting down, but needs to wait on 1 outstanding Http requests:
[2017.10.12-13.50.18:245][178]LogHttp: Display: 	verb=[POST] url=[https://datarouter.ol.epicgames.com/datarouter/api/v1/public/data?SessionID=%7B90FD98C2-49D4-639A-4457-FABDD29C8D68%7D&AppID=UEEditor.Rocket.Release&AppVersion=4.17.2-3658906%2B%2B%2BUE4%2BRelease-4.17&UserID=ace28d9349bdfec338d897a229a766a3%7Cb8372731ce0441b5ad9faafd990f44bc%7Cf46e1bd2-75af-46a9-8ce9-e391f3945b8d&AppEnvironment=datacollector-binary&UploadType=eteventstream] status=Processing
[2017.10.12-13.50.18:262][178]LogModuleManager: Shutting down and abandoning module SSL (40)
[2017.10.12-13.50.18:275][178]LogModuleManager: Shutting down and abandoning module AnimationModifiers (36)
[2017.10.12-13.50.18:292][178]LogModuleManager: Shutting down and abandoning module PropertyEditor (35)
[2017.10.12-13.50.18:293][178]LogModuleManager: Shutting down and abandoning module AudioEditor (32)
[2017.10.12-13.50.18:326][178]LogModuleManager: Shutting down and abandoning module TextureCompressor (30)
[2017.10.12-13.50.18:326][178]LogModuleManager: Shutting down and abandoning module ShaderCore (28)
[2017.10.12-13.50.18:326][178]LogModuleManager: Shutting down and abandoning module Landscape (26)
[2017.10.12-13.50.18:326][178]LogModuleManager: Shutting down and abandoning module SlateRHIRenderer (24)
[2017.10.12-13.50.18:349][178]LogModuleManager: Shutting down and abandoning module OpenGLDrv (22)
[2017.10.12-13.50.18:356][178]LogModuleManager: Shutting down and abandoning module D3D11RHI (20)
[2017.10.12-13.50.18:356][178]LogModuleManager: Shutting down and abandoning module AnimGraphRuntime (18)
[2017.10.12-13.50.18:371][178]LogModuleManager: Shutting down and abandoning module Renderer (16)
[2017.10.12-13.50.18:371][178]LogModuleManager: Shutting down and abandoning module Engine (14)
[2017.10.12-13.50.18:371][178]LogModuleManager: Shutting down and abandoning module CoreUObject (12)
[2017.10.12-13.50.18:371][178]LogModuleManager: Shutting down and abandoning module NetworkFile (10)
[2017.10.12-13.50.18:379][178]LogModuleManager: Shutting down and abandoning module CookedIterativeFile (8)
[2017.10.12-13.50.18:379][178]LogModuleManager: Shutting down and abandoning module StreamingFile (6)
[2017.10.12-13.50.18:388][178]LogModuleManager: Shutting down and abandoning module SandboxFile (4)
[2017.10.12-13.50.18:388][178]LogModuleManager: Shutting down and abandoning module PakFile (2)
[2017.10.12-13.50.18:400][178]LogExit: Exiting.
[2017.10.12-13.50.18:415][178]Log file closed, 10/12/17 15:50:18
